{"contracts\\DateTimeLibrary.sol":{"l":{"60":0,"61":0,"62":0,"63":0,"65":0,"72":0,"93":0,"95":0,"96":0,"97":0,"98":0,"99":0,"100":0,"101":0,"102":0,"103":0,"104":0,"106":0,"107":0,"108":0,"112":0,"115":0,"118":0,"121":0,"122":0,"123":0,"124":0,"125":0,"126":0,"130":0,"131":0,"132":0,"133":0,"138":0,"139":0,"140":0,"145":0,"146":0,"147":0,"148":0,"149":0,"152":0,"155":0,"158":0,"161":0,"162":0,"163":0,"164":0,"165":0,"168":0,"169":0,"171":0,"173":0,"178":0,"179":0,"183":0,"184":0,"185":0,"188":0,"189":0,"190":0,"193":0,"194":0,"195":0,"198":0,"199":0,"202":0,"203":0,"206":0,"210":0,"211":0,"212":0,"213":0,"214":0,"215":0,"216":0,"217":0,"219":0,"220":0,"223":0,"224":0,"225":0,"226":0,"227":0,"228":0,"229":0,"230":0,"231":0,"232":0,"234":0,"235":0,"238":0,"239":0,"242":1,"243":1,"246":0,"247":0,"250":0,"251":0,"255":0,"256":0,"257":0,"258":0,"259":0,"260":0,"261":0,"262":0,"264":0,"265":0,"268":0,"269":0,"270":0,"271":0,"272":0,"273":0,"274":0,"275":0,"276":0,"277":0,"279":0,"280":0,"283":0,"284":0,"287":0,"288":0,"291":0,"292":0,"295":0,"296":0,"300":0,"301":0,"302":0,"303":0,"304":0,"305":0,"306":0,"307":0,"308":0,"309":0,"312":0,"313":0,"314":0,"315":0,"316":0,"317":0,"318":0,"319":0,"320":0,"321":0,"324":0,"325":0,"328":0,"329":0,"332":0,"333":0,"336":0,"337":0},"path":"F:\\1.devproject\\lottery_project\\work\\contracts\\DateTimeLibrary.sol","s":{"1":0,"2":0,"3":0,"4":0,"5":0,"6":0,"7":0,"8":0,"9":0,"10":0,"11":0,"12":0,"13":0,"14":0,"15":0,"16":0,"17":0,"18":0,"19":0,"20":0,"21":0,"22":0,"23":0,"24":0,"25":0,"26":0,"27":0,"28":0,"29":0,"30":0,"31":0,"32":0,"33":0,"34":0,"35":0,"36":0,"37":0,"38":0,"39":0,"40":0,"41":0,"42":0,"43":0,"44":0,"45":0,"46":0,"47":0,"48":0,"49":0,"50":0,"51":0,"52":0,"53":0,"54":0,"55":0,"56":0,"57":0,"58":0,"59":0,"60":0,"61":0,"62":0,"63":0,"64":0,"65":0,"66":0,"67":0,"68":0,"69":0,"70":0,"71":0,"72":0,"73":0,"74":0,"75":0,"76":0,"77":0,"78":0,"79":0,"80":0,"81":0,"82":0,"83":0,"84":0,"85":0,"86":0,"87":0,"88":0,"89":0,"90":0,"91":0,"92":0,"93":0,"94":0,"95":1,"96":1,"97":0,"98":0,"99":0,"100":0,"101":0,"102":0,"103":0,"104":0,"105":0,"106":0,"107":0,"108":0,"109":0,"110":0,"111":0,"112":0,"113":0,"114":0,"115":0,"116":0,"117":0,"118":0,"119":0,"120":0,"121":0,"122":0,"123":0,"124":0,"125":0,"126":0,"127":0,"128":0,"129":0,"130":0,"131":0,"132":0,"133":0,"134":0,"135":0,"136":0,"137":0,"138":0,"139":0,"140":0,"141":0,"142":0,"143":0,"144":0,"145":0,"146":0,"147":0,"148":0,"149":0,"150":0,"151":0,"152":0,"153":0,"154":0,"155":0,"156":0,"157":0,"158":0},"b":{"1":[0,0],"2":[0,0],"3":[0,0],"4":[0,0],"5":[0,0],"6":[0,0],"7":[0,0],"8":[0,0],"9":[0,0],"10":[0,0],"11":[0,0],"12":[0,0],"13":[1,0],"14":[0,0],"15":[0,0],"16":[0,0],"17":[0,0],"18":[0,0],"19":[0,0],"20":[0,0],"21":[0,0],"22":[0,0],"23":[0,0],"24":[0,0],"25":[0,0],"26":[0,0],"27":[0,0],"28":[0,0],"29":[0,0]},"f":{"1":0,"2":0,"3":0,"4":0,"5":0,"6":0,"7":0,"8":0,"9":0,"10":0,"11":0,"12":0,"13":0,"14":0,"15":0,"16":0,"17":0,"18":0,"19":0,"20":0,"21":0,"22":0,"23":0,"24":0,"25":1,"26":0,"27":0,"28":0,"29":0,"30":0,"31":0,"32":0,"33":0,"34":0,"35":0,"36":0,"37":0,"38":0,"39":0},"fnMap":{"1":{"name":"_daysFromDate","line":59,"loc":{"start":{"line":59,"column":4},"end":{"line":73,"column":4}}},"2":{"name":"_daysToDate","line":92,"loc":{"start":{"line":92,"column":4},"end":{"line":109,"column":4}}},"3":{"name":"timestampFromDate","line":111,"loc":{"start":{"line":111,"column":4},"end":{"line":113,"column":4}}},"4":{"name":"timestampFromDateTime","line":114,"loc":{"start":{"line":114,"column":4},"end":{"line":116,"column":4}}},"5":{"name":"timestampToDate","line":117,"loc":{"start":{"line":117,"column":4},"end":{"line":119,"column":4}}},"6":{"name":"timestampToDateTime","line":120,"loc":{"start":{"line":120,"column":4},"end":{"line":127,"column":4}}},"7":{"name":"isValidDate","line":129,"loc":{"start":{"line":129,"column":4},"end":{"line":136,"column":4}}},"8":{"name":"isValidDateTime","line":137,"loc":{"start":{"line":137,"column":4},"end":{"line":143,"column":4}}},"9":{"name":"isLeapYear","line":144,"loc":{"start":{"line":144,"column":4},"end":{"line":150,"column":4}}},"10":{"name":"_isLeapYear","line":151,"loc":{"start":{"line":151,"column":4},"end":{"line":153,"column":4}}},"11":{"name":"isWeekDay","line":154,"loc":{"start":{"line":154,"column":4},"end":{"line":156,"column":4}}},"12":{"name":"isWeekEnd","line":157,"loc":{"start":{"line":157,"column":4},"end":{"line":159,"column":4}}},"13":{"name":"getDaysInMonth","line":160,"loc":{"start":{"line":160,"column":4},"end":{"line":166,"column":4}}},"14":{"name":"_getDaysInMonth","line":167,"loc":{"start":{"line":167,"column":4},"end":{"line":175,"column":4}}},"15":{"name":"getDayOfWeek","line":177,"loc":{"start":{"line":177,"column":4},"end":{"line":180,"column":4}}},"16":{"name":"getYear","line":182,"loc":{"start":{"line":182,"column":4},"end":{"line":186,"column":4}}},"17":{"name":"getMonth","line":187,"loc":{"start":{"line":187,"column":4},"end":{"line":191,"column":4}}},"18":{"name":"getDay","line":192,"loc":{"start":{"line":192,"column":4},"end":{"line":196,"column":4}}},"19":{"name":"getHour","line":197,"loc":{"start":{"line":197,"column":4},"end":{"line":200,"column":4}}},"20":{"name":"getMinute","line":201,"loc":{"start":{"line":201,"column":4},"end":{"line":204,"column":4}}},"21":{"name":"getSecond","line":205,"loc":{"start":{"line":205,"column":4},"end":{"line":207,"column":4}}},"22":{"name":"addYears","line":209,"loc":{"start":{"line":209,"column":4},"end":{"line":221,"column":4}}},"23":{"name":"addMonths","line":222,"loc":{"start":{"line":222,"column":4},"end":{"line":236,"column":4}}},"24":{"name":"addDays","line":237,"loc":{"start":{"line":237,"column":4},"end":{"line":240,"column":4}}},"25":{"name":"addHours","line":241,"loc":{"start":{"line":241,"column":4},"end":{"line":244,"column":4}}},"26":{"name":"addMinutes","line":245,"loc":{"start":{"line":245,"column":4},"end":{"line":248,"column":4}}},"27":{"name":"addSeconds","line":249,"loc":{"start":{"line":249,"column":4},"end":{"line":252,"column":4}}},"28":{"name":"subYears","line":254,"loc":{"start":{"line":254,"column":4},"end":{"line":266,"column":4}}},"29":{"name":"subMonths","line":267,"loc":{"start":{"line":267,"column":4},"end":{"line":281,"column":4}}},"30":{"name":"subDays","line":282,"loc":{"start":{"line":282,"column":4},"end":{"line":285,"column":4}}},"31":{"name":"subHours","line":286,"loc":{"start":{"line":286,"column":4},"end":{"line":289,"column":4}}},"32":{"name":"subMinutes","line":290,"loc":{"start":{"line":290,"column":4},"end":{"line":293,"column":4}}},"33":{"name":"subSeconds","line":294,"loc":{"start":{"line":294,"column":4},"end":{"line":297,"column":4}}},"34":{"name":"diffYears","line":299,"loc":{"start":{"line":299,"column":4},"end":{"line":310,"column":4}}},"35":{"name":"diffMonths","line":311,"loc":{"start":{"line":311,"column":4},"end":{"line":322,"column":4}}},"36":{"name":"diffDays","line":323,"loc":{"start":{"line":323,"column":4},"end":{"line":326,"column":4}}},"37":{"name":"diffHours","line":327,"loc":{"start":{"line":327,"column":4},"end":{"line":330,"column":4}}},"38":{"name":"diffMinutes","line":331,"loc":{"start":{"line":331,"column":4},"end":{"line":334,"column":4}}},"39":{"name":"diffSeconds","line":335,"loc":{"start":{"line":335,"column":4},"end":{"line":338,"column":4}}}},"statementMap":{"1":{"start":{"line":60,"column":8},"end":{"line":60,"column":28}},"2":{"start":{"line":61,"column":8},"end":{"line":61,"column":29}},"3":{"start":{"line":62,"column":8},"end":{"line":62,"column":31}},"4":{"start":{"line":63,"column":8},"end":{"line":63,"column":27}},"5":{"start":{"line":65,"column":8},"end":{"line":65,"column":2352}},"6":{"start":{"line":72,"column":8},"end":{"line":72,"column":27}},"7":{"start":{"line":93,"column":8},"end":{"line":93,"column":31}},"8":{"start":{"line":95,"column":8},"end":{"line":95,"column":47}},"9":{"start":{"line":96,"column":8},"end":{"line":96,"column":30}},"10":{"start":{"line":97,"column":8},"end":{"line":97,"column":35}},"11":{"start":{"line":98,"column":8},"end":{"line":98,"column":44}},"12":{"start":{"line":99,"column":8},"end":{"line":99,"column":36}},"13":{"start":{"line":100,"column":8},"end":{"line":100,"column":34}},"14":{"start":{"line":101,"column":8},"end":{"line":101,"column":41}},"15":{"start":{"line":102,"column":8},"end":{"line":102,"column":22}},"16":{"start":{"line":103,"column":8},"end":{"line":103,"column":35}},"17":{"start":{"line":104,"column":8},"end":{"line":104,"column":41}},"18":{"start":{"line":106,"column":8},"end":{"line":106,"column":25}},"19":{"start":{"line":107,"column":8},"end":{"line":107,"column":27}},"20":{"start":{"line":108,"column":8},"end":{"line":108,"column":23}},"21":{"start":{"line":112,"column":8},"end":{"line":112,"column":68}},"22":{"start":{"line":115,"column":8},"end":{"line":115,"column":133}},"23":{"start":{"line":118,"column":8},"end":{"line":118,"column":68}},"24":{"start":{"line":121,"column":8},"end":{"line":121,"column":68}},"25":{"start":{"line":122,"column":8},"end":{"line":122,"column":47}},"26":{"start":{"line":123,"column":8},"end":{"line":123,"column":37}},"27":{"start":{"line":124,"column":8},"end":{"line":124,"column":37}},"28":{"start":{"line":125,"column":8},"end":{"line":125,"column":41}},"29":{"start":{"line":126,"column":8},"end":{"line":126,"column":41}},"30":{"start":{"line":130,"column":8},"end":{"line":130,"column":5236}},"31":{"start":{"line":131,"column":12},"end":{"line":131,"column":59}},"32":{"start":{"line":132,"column":12},"end":{"line":132,"column":5363}},"33":{"start":{"line":133,"column":16},"end":{"line":133,"column":27}},"34":{"start":{"line":138,"column":8},"end":{"line":138,"column":5606}},"35":{"start":{"line":139,"column":12},"end":{"line":139,"column":5660}},"36":{"start":{"line":140,"column":16},"end":{"line":140,"column":27}},"37":{"start":{"line":145,"column":8},"end":{"line":145,"column":17}},"38":{"start":{"line":146,"column":8},"end":{"line":146,"column":18}},"39":{"start":{"line":147,"column":8},"end":{"line":147,"column":16}},"40":{"start":{"line":148,"column":8},"end":{"line":148,"column":68}},"41":{"start":{"line":149,"column":8},"end":{"line":149,"column":35}},"42":{"start":{"line":152,"column":8},"end":{"line":152,"column":77}},"43":{"start":{"line":155,"column":8},"end":{"line":155,"column":51}},"44":{"start":{"line":158,"column":8},"end":{"line":158,"column":51}},"45":{"start":{"line":161,"column":8},"end":{"line":161,"column":17}},"46":{"start":{"line":162,"column":8},"end":{"line":162,"column":18}},"47":{"start":{"line":163,"column":8},"end":{"line":163,"column":16}},"48":{"start":{"line":164,"column":8},"end":{"line":164,"column":68}},"49":{"start":{"line":165,"column":8},"end":{"line":165,"column":49}},"50":{"start":{"line":168,"column":8},"end":{"line":168,"column":6858}},"51":{"start":{"line":169,"column":12},"end":{"line":169,"column":27}},"52":{"start":{"line":170,"column":15},"end":{"line":170,"column":7009}},"53":{"start":{"line":171,"column":12},"end":{"line":171,"column":27}},"54":{"start":{"line":173,"column":12},"end":{"line":173,"column":52}},"55":{"start":{"line":178,"column":8},"end":{"line":178,"column":48}},"56":{"start":{"line":179,"column":8},"end":{"line":179,"column":38}},"57":{"start":{"line":183,"column":8},"end":{"line":183,"column":18}},"58":{"start":{"line":184,"column":8},"end":{"line":184,"column":16}},"59":{"start":{"line":185,"column":8},"end":{"line":185,"column":68}},"60":{"start":{"line":188,"column":8},"end":{"line":188,"column":17}},"61":{"start":{"line":189,"column":8},"end":{"line":189,"column":16}},"62":{"start":{"line":190,"column":8},"end":{"line":190,"column":68}},"63":{"start":{"line":193,"column":8},"end":{"line":193,"column":17}},"64":{"start":{"line":194,"column":8},"end":{"line":194,"column":18}},"65":{"start":{"line":195,"column":8},"end":{"line":195,"column":68}},"66":{"start":{"line":198,"column":8},"end":{"line":198,"column":47}},"67":{"start":{"line":199,"column":8},"end":{"line":199,"column":37}},"68":{"start":{"line":202,"column":8},"end":{"line":202,"column":48}},"69":{"start":{"line":203,"column":8},"end":{"line":203,"column":41}},"70":{"start":{"line":206,"column":8},"end":{"line":206,"column":46}},"71":{"start":{"line":210,"column":8},"end":{"line":210,"column":17}},"72":{"start":{"line":211,"column":8},"end":{"line":211,"column":18}},"73":{"start":{"line":212,"column":8},"end":{"line":212,"column":16}},"74":{"start":{"line":213,"column":8},"end":{"line":213,"column":68}},"75":{"start":{"line":214,"column":8},"end":{"line":214,"column":21}},"76":{"start":{"line":215,"column":8},"end":{"line":215,"column":55}},"77":{"start":{"line":216,"column":8},"end":{"line":216,"column":8756}},"78":{"start":{"line":217,"column":12},"end":{"line":217,"column":28}},"79":{"start":{"line":219,"column":8},"end":{"line":219,"column":101}},"80":{"start":{"line":220,"column":8},"end":{"line":220,"column":41}},"81":{"start":{"line":223,"column":8},"end":{"line":223,"column":17}},"82":{"start":{"line":224,"column":8},"end":{"line":224,"column":18}},"83":{"start":{"line":225,"column":8},"end":{"line":225,"column":16}},"84":{"start":{"line":226,"column":8},"end":{"line":226,"column":68}},"85":{"start":{"line":227,"column":8},"end":{"line":227,"column":23}},"86":{"start":{"line":228,"column":8},"end":{"line":228,"column":31}},"87":{"start":{"line":229,"column":8},"end":{"line":229,"column":35}},"88":{"start":{"line":230,"column":8},"end":{"line":230,"column":55}},"89":{"start":{"line":231,"column":8},"end":{"line":231,"column":9379}},"90":{"start":{"line":232,"column":12},"end":{"line":232,"column":28}},"91":{"start":{"line":234,"column":8},"end":{"line":234,"column":101}},"92":{"start":{"line":235,"column":8},"end":{"line":235,"column":41}},"93":{"start":{"line":238,"column":8},"end":{"line":238,"column":57}},"94":{"start":{"line":239,"column":8},"end":{"line":239,"column":41}},"95":{"start":{"line":242,"column":8},"end":{"line":242,"column":59}},"96":{"start":{"line":243,"column":8},"end":{"line":243,"column":41}},"97":{"start":{"line":246,"column":8},"end":{"line":246,"column":63}},"98":{"start":{"line":247,"column":8},"end":{"line":247,"column":41}},"99":{"start":{"line":250,"column":8},"end":{"line":250,"column":42}},"100":{"start":{"line":251,"column":8},"end":{"line":251,"column":41}},"101":{"start":{"line":255,"column":8},"end":{"line":255,"column":17}},"102":{"start":{"line":256,"column":8},"end":{"line":256,"column":18}},"103":{"start":{"line":257,"column":8},"end":{"line":257,"column":16}},"104":{"start":{"line":258,"column":8},"end":{"line":258,"column":68}},"105":{"start":{"line":259,"column":8},"end":{"line":259,"column":21}},"106":{"start":{"line":260,"column":8},"end":{"line":260,"column":55}},"107":{"start":{"line":261,"column":8},"end":{"line":261,"column":10761}},"108":{"start":{"line":262,"column":12},"end":{"line":262,"column":28}},"109":{"start":{"line":264,"column":8},"end":{"line":264,"column":101}},"110":{"start":{"line":265,"column":8},"end":{"line":265,"column":41}},"111":{"start":{"line":268,"column":8},"end":{"line":268,"column":17}},"112":{"start":{"line":269,"column":8},"end":{"line":269,"column":18}},"113":{"start":{"line":270,"column":8},"end":{"line":270,"column":16}},"114":{"start":{"line":271,"column":8},"end":{"line":271,"column":68}},"115":{"start":{"line":272,"column":8},"end":{"line":272,"column":58}},"116":{"start":{"line":273,"column":8},"end":{"line":273,"column":28}},"117":{"start":{"line":274,"column":8},"end":{"line":274,"column":33}},"118":{"start":{"line":275,"column":8},"end":{"line":275,"column":55}},"119":{"start":{"line":276,"column":8},"end":{"line":276,"column":11413}},"120":{"start":{"line":277,"column":12},"end":{"line":277,"column":28}},"121":{"start":{"line":279,"column":8},"end":{"line":279,"column":101}},"122":{"start":{"line":280,"column":8},"end":{"line":280,"column":41}},"123":{"start":{"line":283,"column":8},"end":{"line":283,"column":57}},"124":{"start":{"line":284,"column":8},"end":{"line":284,"column":41}},"125":{"start":{"line":287,"column":8},"end":{"line":287,"column":59}},"126":{"start":{"line":288,"column":8},"end":{"line":288,"column":41}},"127":{"start":{"line":291,"column":8},"end":{"line":291,"column":63}},"128":{"start":{"line":292,"column":8},"end":{"line":292,"column":41}},"129":{"start":{"line":295,"column":8},"end":{"line":295,"column":42}},"130":{"start":{"line":296,"column":8},"end":{"line":296,"column":41}},"131":{"start":{"line":300,"column":8},"end":{"line":300,"column":44}},"132":{"start":{"line":301,"column":8},"end":{"line":301,"column":21}},"133":{"start":{"line":302,"column":8},"end":{"line":302,"column":22}},"134":{"start":{"line":303,"column":8},"end":{"line":303,"column":20}},"135":{"start":{"line":304,"column":8},"end":{"line":304,"column":19}},"136":{"start":{"line":305,"column":8},"end":{"line":305,"column":20}},"137":{"start":{"line":306,"column":8},"end":{"line":306,"column":18}},"138":{"start":{"line":307,"column":8},"end":{"line":307,"column":84}},"139":{"start":{"line":308,"column":8},"end":{"line":308,"column":76}},"140":{"start":{"line":309,"column":8},"end":{"line":309,"column":33}},"141":{"start":{"line":312,"column":8},"end":{"line":312,"column":44}},"142":{"start":{"line":313,"column":8},"end":{"line":313,"column":21}},"143":{"start":{"line":314,"column":8},"end":{"line":314,"column":22}},"144":{"start":{"line":315,"column":8},"end":{"line":315,"column":20}},"145":{"start":{"line":316,"column":8},"end":{"line":316,"column":19}},"146":{"start":{"line":317,"column":8},"end":{"line":317,"column":20}},"147":{"start":{"line":318,"column":8},"end":{"line":318,"column":18}},"148":{"start":{"line":319,"column":8},"end":{"line":319,"column":84}},"149":{"start":{"line":320,"column":8},"end":{"line":320,"column":76}},"150":{"start":{"line":321,"column":8},"end":{"line":321,"column":66}},"151":{"start":{"line":324,"column":8},"end":{"line":324,"column":44}},"152":{"start":{"line":325,"column":8},"end":{"line":325,"column":62}},"153":{"start":{"line":328,"column":8},"end":{"line":328,"column":44}},"154":{"start":{"line":329,"column":8},"end":{"line":329,"column":64}},"155":{"start":{"line":332,"column":8},"end":{"line":332,"column":44}},"156":{"start":{"line":333,"column":8},"end":{"line":333,"column":68}},"157":{"start":{"line":336,"column":8},"end":{"line":336,"column":44}},"158":{"start":{"line":337,"column":8},"end":{"line":337,"column":45}}},"branchMap":{"1":{"line":60,"type":"if","locations":[{"start":{"line":60,"column":8},"end":{"line":60,"column":8}},{"start":{"line":60,"column":8},"end":{"line":60,"column":8}}]},"2":{"line":130,"type":"if","locations":[{"start":{"line":130,"column":8},"end":{"line":130,"column":8}},{"start":{"line":130,"column":8},"end":{"line":130,"column":8}}]},"3":{"line":132,"type":"if","locations":[{"start":{"line":132,"column":12},"end":{"line":132,"column":12}},{"start":{"line":132,"column":12},"end":{"line":132,"column":12}}]},"4":{"line":138,"type":"if","locations":[{"start":{"line":138,"column":8},"end":{"line":138,"column":8}},{"start":{"line":138,"column":8},"end":{"line":138,"column":8}}]},"5":{"line":139,"type":"if","locations":[{"start":{"line":139,"column":12},"end":{"line":139,"column":12}},{"start":{"line":139,"column":12},"end":{"line":139,"column":12}}]},"6":{"line":168,"type":"if","locations":[{"start":{"line":168,"column":8},"end":{"line":168,"column":8}},{"start":{"line":168,"column":8},"end":{"line":168,"column":8}}]},"7":{"line":170,"type":"if","locations":[{"start":{"line":170,"column":15},"end":{"line":170,"column":15}},{"start":{"line":170,"column":15},"end":{"line":170,"column":15}}]},"8":{"line":216,"type":"if","locations":[{"start":{"line":216,"column":8},"end":{"line":216,"column":8}},{"start":{"line":216,"column":8},"end":{"line":216,"column":8}}]},"9":{"line":220,"type":"if","locations":[{"start":{"line":220,"column":8},"end":{"line":220,"column":8}},{"start":{"line":220,"column":8},"end":{"line":220,"column":8}}]},"10":{"line":231,"type":"if","locations":[{"start":{"line":231,"column":8},"end":{"line":231,"column":8}},{"start":{"line":231,"column":8},"end":{"line":231,"column":8}}]},"11":{"line":235,"type":"if","locations":[{"start":{"line":235,"column":8},"end":{"line":235,"column":8}},{"start":{"line":235,"column":8},"end":{"line":235,"column":8}}]},"12":{"line":239,"type":"if","locations":[{"start":{"line":239,"column":8},"end":{"line":239,"column":8}},{"start":{"line":239,"column":8},"end":{"line":239,"column":8}}]},"13":{"line":243,"type":"if","locations":[{"start":{"line":243,"column":8},"end":{"line":243,"column":8}},{"start":{"line":243,"column":8},"end":{"line":243,"column":8}}]},"14":{"line":247,"type":"if","locations":[{"start":{"line":247,"column":8},"end":{"line":247,"column":8}},{"start":{"line":247,"column":8},"end":{"line":247,"column":8}}]},"15":{"line":251,"type":"if","locations":[{"start":{"line":251,"column":8},"end":{"line":251,"column":8}},{"start":{"line":251,"column":8},"end":{"line":251,"column":8}}]},"16":{"line":261,"type":"if","locations":[{"start":{"line":261,"column":8},"end":{"line":261,"column":8}},{"start":{"line":261,"column":8},"end":{"line":261,"column":8}}]},"17":{"line":265,"type":"if","locations":[{"start":{"line":265,"column":8},"end":{"line":265,"column":8}},{"start":{"line":265,"column":8},"end":{"line":265,"column":8}}]},"18":{"line":276,"type":"if","locations":[{"start":{"line":276,"column":8},"end":{"line":276,"column":8}},{"start":{"line":276,"column":8},"end":{"line":276,"column":8}}]},"19":{"line":280,"type":"if","locations":[{"start":{"line":280,"column":8},"end":{"line":280,"column":8}},{"start":{"line":280,"column":8},"end":{"line":280,"column":8}}]},"20":{"line":284,"type":"if","locations":[{"start":{"line":284,"column":8},"end":{"line":284,"column":8}},{"start":{"line":284,"column":8},"end":{"line":284,"column":8}}]},"21":{"line":288,"type":"if","locations":[{"start":{"line":288,"column":8},"end":{"line":288,"column":8}},{"start":{"line":288,"column":8},"end":{"line":288,"column":8}}]},"22":{"line":292,"type":"if","locations":[{"start":{"line":292,"column":8},"end":{"line":292,"column":8}},{"start":{"line":292,"column":8},"end":{"line":292,"column":8}}]},"23":{"line":296,"type":"if","locations":[{"start":{"line":296,"column":8},"end":{"line":296,"column":8}},{"start":{"line":296,"column":8},"end":{"line":296,"column":8}}]},"24":{"line":300,"type":"if","locations":[{"start":{"line":300,"column":8},"end":{"line":300,"column":8}},{"start":{"line":300,"column":8},"end":{"line":300,"column":8}}]},"25":{"line":312,"type":"if","locations":[{"start":{"line":312,"column":8},"end":{"line":312,"column":8}},{"start":{"line":312,"column":8},"end":{"line":312,"column":8}}]},"26":{"line":324,"type":"if","locations":[{"start":{"line":324,"column":8},"end":{"line":324,"column":8}},{"start":{"line":324,"column":8},"end":{"line":324,"column":8}}]},"27":{"line":328,"type":"if","locations":[{"start":{"line":328,"column":8},"end":{"line":328,"column":8}},{"start":{"line":328,"column":8},"end":{"line":328,"column":8}}]},"28":{"line":332,"type":"if","locations":[{"start":{"line":332,"column":8},"end":{"line":332,"column":8}},{"start":{"line":332,"column":8},"end":{"line":332,"column":8}}]},"29":{"line":336,"type":"if","locations":[{"start":{"line":336,"column":8},"end":{"line":336,"column":8}},{"start":{"line":336,"column":8},"end":{"line":336,"column":8}}]}}},"contracts\\MoonFomoV3.sol":{"l":{"55":3,"56":3,"62":1,"64":1,"65":1,"66":1,"67":1,"69":1,"75":1,"76":1,"78":1,"79":1,"81":1,"90":0,"99":0,"108":0,"117":0,"124":18,"125":3,"127":15,"128":15,"136":17,"137":1,"139":16,"140":16,"149":7,"150":7,"152":7,"153":7,"155":7,"156":7,"157":7,"158":7,"160":7,"161":28,"162":28,"165":7,"167":7,"170":7,"171":1,"172":5,"174":1,"176":7,"178":7,"180":7,"181":7,"188":7,"189":7,"192":7,"193":7,"194":13,"195":13,"196":13,"197":0,"198":0,"199":0,"200":0,"201":0,"202":0,"205":6,"206":6,"207":6,"209":6,"211":6,"212":6,"213":6,"217":1,"218":1,"224":0,"230":0,"236":1,"238":1,"239":1,"240":1,"241":1,"243":1,"244":1,"245":1,"246":6,"247":5,"248":5,"249":5,"253":1,"254":5,"257":1,"258":1,"267":21,"268":21,"269":0,"271":21,"272":21,"273":21,"282":14,"283":14,"290":7,"291":7,"292":7,"294":7,"295":7,"297":7,"298":7,"305":7,"307":7,"309":7,"310":7,"314":1,"315":1,"323":9,"324":9,"328":20,"329":20},"path":"F:\\1.devproject\\lottery_project\\work\\contracts\\MoonFomoV3.sol","s":{"1":3,"2":3,"3":1,"4":1,"5":1,"6":1,"7":1,"8":1,"9":1,"10":1,"11":1,"12":1,"13":0,"14":0,"15":0,"16":0,"17":18,"18":3,"19":15,"20":15,"21":17,"22":1,"23":16,"24":16,"25":7,"26":7,"27":7,"28":7,"29":7,"30":7,"31":7,"32":7,"33":7,"34":28,"35":7,"36":7,"37":7,"38":1,"39":5,"40":1,"41":7,"42":7,"43":7,"44":7,"45":7,"46":7,"47":7,"48":7,"49":13,"50":13,"51":13,"52":0,"53":0,"54":0,"55":0,"56":0,"57":0,"58":13,"59":6,"60":6,"61":6,"62":6,"63":6,"64":6,"65":6,"66":1,"67":1,"68":0,"69":0,"70":1,"71":1,"72":1,"73":1,"74":1,"75":1,"76":1,"77":1,"78":6,"79":5,"80":5,"81":1,"82":5,"83":1,"84":1,"85":21,"86":21,"87":0,"88":21,"89":21,"90":21,"91":14,"92":14,"93":7,"94":7,"95":7,"96":7,"97":7,"98":7,"99":7,"100":7,"101":7,"102":7,"103":7,"104":1,"105":1,"106":9,"107":9,"108":20,"109":20},"b":{"1":[1,0],"2":[1,0],"3":[1,0],"4":[3,15],"5":[1,16],"6":[7,0],"7":[7,0],"8":[7,0],"9":[1,6],"10":[7,0],"11":[7,0],"12":[0,13],"13":[6,7],"14":[1,0],"15":[5,1],"16":[0,5],"17":[21,0],"18":[0,21],"19":[14,0],"20":[7,0],"21":[7,0],"22":[7,0],"23":[7,0],"24":[1,0]},"f":{"1":3,"2":1,"3":1,"4":0,"5":0,"6":0,"7":0,"8":18,"9":17,"10":7,"11":7,"12":0,"13":0,"14":1,"15":21,"16":14,"17":7,"18":7,"19":1,"20":9,"21":20},"fnMap":{"1":{"name":"constructor","line":50,"loc":{"start":{"line":50,"column":4},"end":{"line":57,"column":4}}},"2":{"name":"initRound","line":61,"loc":{"start":{"line":61,"column":4},"end":{"line":70,"column":4}}},"3":{"name":"addTokensToRound","line":74,"loc":{"start":{"line":74,"column":4},"end":{"line":82,"column":4}}},"4":{"name":"getTicketOwner","line":89,"loc":{"start":{"line":89,"column":4},"end":{"line":91,"column":4}}},"5":{"name":"getTicketsOwned","line":98,"loc":{"start":{"line":98,"column":4},"end":{"line":100,"column":4}}},"6":{"name":"getClaimList","line":107,"loc":{"start":{"line":107,"column":4},"end":{"line":109,"column":4}}},"7":{"name":"getReclaim","line":116,"loc":{"start":{"line":116,"column":4},"end":{"line":118,"column":4}}},"8":{"name":"buyPrice","line":123,"loc":{"start":{"line":123,"column":4},"end":{"line":130,"column":4}}},"9":{"name":"sellPrice","line":135,"loc":{"start":{"line":135,"column":4},"end":{"line":142,"column":4}}},"10":{"name":"buyTicket","line":147,"loc":{"start":{"line":147,"column":4},"end":{"line":182,"column":4}}},"11":{"name":"sellTicket","line":187,"loc":{"start":{"line":187,"column":4},"end":{"line":219,"column":4}}},"12":{"name":"setIncrementSeconds","line":223,"loc":{"start":{"line":223,"column":4},"end":{"line":225,"column":4}}},"13":{"name":"setHoursForRound","line":229,"loc":{"start":{"line":229,"column":4},"end":{"line":231,"column":4}}},"14":{"name":"endRound","line":235,"loc":{"start":{"line":235,"column":4},"end":{"line":259,"column":4}}},"15":{"name":"calcDividends","line":266,"loc":{"start":{"line":266,"column":4},"end":{"line":274,"column":4}}},"16":{"name":"calcPayout","line":281,"loc":{"start":{"line":281,"column":4},"end":{"line":284,"column":4}}},"17":{"name":"claimPayout","line":289,"loc":{"start":{"line":289,"column":4},"end":{"line":299,"column":4}}},"18":{"name":"claimDividends","line":304,"loc":{"start":{"line":304,"column":4},"end":{"line":311,"column":4}}},"19":{"name":"getRoundLatestHolders","line":313,"loc":{"start":{"line":313,"column":4},"end":{"line":316,"column":4}}},"20":{"name":"transferFrom","line":318,"loc":{"start":{"line":318,"column":4},"end":{"line":325,"column":4}}},"21":{"name":"transfer","line":327,"loc":{"start":{"line":327,"column":4},"end":{"line":330,"column":4}}}},"statementMap":{"1":{"start":{"line":55,"column":6},"end":{"line":55,"column":20}},"2":{"start":{"line":56,"column":6},"end":{"line":56,"column":48}},"3":{"start":{"line":62,"column":6},"end":{"line":62,"column":86}},"4":{"start":{"line":65,"column":6},"end":{"line":65,"column":76}},"5":{"start":{"line":66,"column":6},"end":{"line":66,"column":46}},"6":{"start":{"line":67,"column":6},"end":{"line":67,"column":88}},"7":{"start":{"line":69,"column":6},"end":{"line":69,"column":61}},"8":{"start":{"line":75,"column":6},"end":{"line":75,"column":63}},"9":{"start":{"line":76,"column":6},"end":{"line":76,"column":43}},"10":{"start":{"line":78,"column":6},"end":{"line":78,"column":76}},"11":{"start":{"line":79,"column":6},"end":{"line":79,"column":46}},"12":{"start":{"line":81,"column":6},"end":{"line":81,"column":67}},"13":{"start":{"line":90,"column":6},"end":{"line":90,"column":54}},"14":{"start":{"line":99,"column":6},"end":{"line":99,"column":47}},"15":{"start":{"line":108,"column":6},"end":{"line":108,"column":44}},"16":{"start":{"line":117,"column":6},"end":{"line":117,"column":44}},"17":{"start":{"line":124,"column":6},"end":{"line":124,"column":4916}},"18":{"start":{"line":125,"column":10},"end":{"line":125,"column":48}},"19":{"start":{"line":127,"column":10},"end":{"line":127,"column":130}},"20":{"start":{"line":128,"column":10},"end":{"line":128,"column":34}},"21":{"start":{"line":136,"column":6},"end":{"line":136,"column":5447}},"22":{"start":{"line":137,"column":10},"end":{"line":137,"column":76}},"23":{"start":{"line":139,"column":10},"end":{"line":139,"column":158}},"24":{"start":{"line":140,"column":10},"end":{"line":140,"column":34}},"25":{"start":{"line":149,"column":6},"end":{"line":149,"column":63}},"26":{"start":{"line":150,"column":6},"end":{"line":150,"column":43}},"27":{"start":{"line":152,"column":6},"end":{"line":152,"column":45}},"28":{"start":{"line":153,"column":6},"end":{"line":153,"column":71}},"29":{"start":{"line":155,"column":6},"end":{"line":155,"column":63}},"30":{"start":{"line":156,"column":6},"end":{"line":156,"column":66}},"31":{"start":{"line":157,"column":6},"end":{"line":157,"column":109}},"32":{"start":{"line":158,"column":6},"end":{"line":158,"column":59}},"33":{"start":{"line":160,"column":6},"end":{"line":160,"column":6635}},"34":{"start":{"line":161,"column":8},"end":{"line":161,"column":83}},"35":{"start":{"line":165,"column":6},"end":{"line":165,"column":6821}},"36":{"start":{"line":167,"column":8},"end":{"line":167,"column":64}},"37":{"start":{"line":170,"column":6},"end":{"line":170,"column":7092}},"38":{"start":{"line":171,"column":8},"end":{"line":171,"column":7170}},"39":{"start":{"line":172,"column":12},"end":{"line":172,"column":88}},"40":{"start":{"line":174,"column":8},"end":{"line":174,"column":45}},"41":{"start":{"line":176,"column":6},"end":{"line":176,"column":54}},"42":{"start":{"line":178,"column":6},"end":{"line":178,"column":49}},"43":{"start":{"line":180,"column":6},"end":{"line":180,"column":80}},"44":{"start":{"line":181,"column":6},"end":{"line":181,"column":43}},"45":{"start":{"line":188,"column":6},"end":{"line":188,"column":63}},"46":{"start":{"line":189,"column":6},"end":{"line":189,"column":92}},"47":{"start":{"line":192,"column":6},"end":{"line":192,"column":68}},"48":{"start":{"line":193,"column":6},"end":{"line":193,"column":8089}},"49":{"start":{"line":194,"column":8},"end":{"line":194,"column":48}},"50":{"start":{"line":195,"column":8},"end":{"line":195,"column":106}},"51":{"start":{"line":196,"column":8},"end":{"line":196,"column":8318}},"52":{"start":{"line":197,"column":10},"end":{"line":197,"column":63}},"53":{"start":{"line":198,"column":10},"end":{"line":198,"column":50}},"54":{"start":{"line":199,"column":10},"end":{"line":199,"column":53}},"55":{"start":{"line":200,"column":10},"end":{"line":200,"column":42}},"56":{"start":{"line":201,"column":10},"end":{"line":201,"column":59}},"57":{"start":{"line":202,"column":10},"end":{"line":202,"column":28}},"58":{"start":{"line":204,"column":13},"end":{"line":204,"column":8692}},"59":{"start":{"line":205,"column":10},"end":{"line":205,"column":63}},"60":{"start":{"line":206,"column":10},"end":{"line":206,"column":50}},"61":{"start":{"line":207,"column":10},"end":{"line":207,"column":51}},"62":{"start":{"line":209,"column":10},"end":{"line":209,"column":78}},"63":{"start":{"line":211,"column":10},"end":{"line":211,"column":42}},"64":{"start":{"line":212,"column":10},"end":{"line":212,"column":59}},"65":{"start":{"line":213,"column":10},"end":{"line":213,"column":28}},"66":{"start":{"line":217,"column":6},"end":{"line":217,"column":39}},"67":{"start":{"line":218,"column":6},"end":{"line":218,"column":14}},"68":{"start":{"line":224,"column":6},"end":{"line":224,"column":39}},"69":{"start":{"line":230,"column":6},"end":{"line":230,"column":27}},"70":{"start":{"line":236,"column":6},"end":{"line":236,"column":63}},"71":{"start":{"line":238,"column":6},"end":{"line":238,"column":80}},"72":{"start":{"line":239,"column":6},"end":{"line":239,"column":93}},"73":{"start":{"line":240,"column":6},"end":{"line":240,"column":119}},"74":{"start":{"line":241,"column":6},"end":{"line":241,"column":93}},"75":{"start":{"line":243,"column":6},"end":{"line":243,"column":24}},"76":{"start":{"line":244,"column":6},"end":{"line":244,"column":70}},"77":{"start":{"line":245,"column":6},"end":{"line":245,"column":10373}},"78":{"start":{"line":246,"column":10},"end":{"line":246,"column":10460}},"79":{"start":{"line":247,"column":12},"end":{"line":247,"column":70}},"80":{"start":{"line":249,"column":12},"end":{"line":249,"column":49}},"81":{"start":{"line":253,"column":6},"end":{"line":253,"column":10718}},"82":{"start":{"line":254,"column":8},"end":{"line":254,"column":144}},"83":{"start":{"line":257,"column":6},"end":{"line":257,"column":36}},"84":{"start":{"line":258,"column":6},"end":{"line":258,"column":93}},"85":{"start":{"line":267,"column":6},"end":{"line":267,"column":57}},"86":{"start":{"line":268,"column":6},"end":{"line":268,"column":11485}},"87":{"start":{"line":269,"column":8},"end":{"line":269,"column":16}},"88":{"start":{"line":271,"column":6},"end":{"line":271,"column":127}},"89":{"start":{"line":272,"column":6},"end":{"line":272,"column":81}},"90":{"start":{"line":273,"column":6},"end":{"line":273,"column":27}},"91":{"start":{"line":282,"column":6},"end":{"line":282,"column":57}},"92":{"start":{"line":283,"column":6},"end":{"line":283,"column":52}},"93":{"start":{"line":290,"column":6},"end":{"line":290,"column":57}},"94":{"start":{"line":291,"column":6},"end":{"line":291,"column":96}},"95":{"start":{"line":292,"column":6},"end":{"line":292,"column":83}},"96":{"start":{"line":294,"column":6},"end":{"line":294,"column":55}},"97":{"start":{"line":295,"column":6},"end":{"line":295,"column":45}},"98":{"start":{"line":297,"column":6},"end":{"line":297,"column":33}},"99":{"start":{"line":298,"column":6},"end":{"line":298,"column":52}},"100":{"start":{"line":305,"column":6},"end":{"line":305,"column":99}},"101":{"start":{"line":307,"column":6},"end":{"line":307,"column":56}},"102":{"start":{"line":309,"column":6},"end":{"line":309,"column":34}},"103":{"start":{"line":310,"column":6},"end":{"line":310,"column":59}},"104":{"start":{"line":314,"column":6},"end":{"line":314,"column":51}},"105":{"start":{"line":315,"column":6},"end":{"line":315,"column":41}},"106":{"start":{"line":323,"column":6},"end":{"line":323,"column":48}},"107":{"start":{"line":324,"column":6},"end":{"line":324,"column":36}},"108":{"start":{"line":328,"column":6},"end":{"line":328,"column":38}},"109":{"start":{"line":329,"column":6},"end":{"line":329,"column":36}}},"branchMap":{"1":{"line":62,"type":"if","locations":[{"start":{"line":62,"column":6},"end":{"line":62,"column":6}},{"start":{"line":62,"column":6},"end":{"line":62,"column":6}}]},"2":{"line":75,"type":"if","locations":[{"start":{"line":75,"column":6},"end":{"line":75,"column":6}},{"start":{"line":75,"column":6},"end":{"line":75,"column":6}}]},"3":{"line":76,"type":"if","locations":[{"start":{"line":76,"column":6},"end":{"line":76,"column":6}},{"start":{"line":76,"column":6},"end":{"line":76,"column":6}}]},"4":{"line":124,"type":"if","locations":[{"start":{"line":124,"column":6},"end":{"line":124,"column":6}},{"start":{"line":124,"column":6},"end":{"line":124,"column":6}}]},"5":{"line":136,"type":"if","locations":[{"start":{"line":136,"column":6},"end":{"line":136,"column":6}},{"start":{"line":136,"column":6},"end":{"line":136,"column":6}}]},"6":{"line":149,"type":"if","locations":[{"start":{"line":149,"column":6},"end":{"line":149,"column":6}},{"start":{"line":149,"column":6},"end":{"line":149,"column":6}}]},"7":{"line":150,"type":"if","locations":[{"start":{"line":150,"column":6},"end":{"line":150,"column":6}},{"start":{"line":150,"column":6},"end":{"line":150,"column":6}}]},"8":{"line":165,"type":"if","locations":[{"start":{"line":165,"column":6},"end":{"line":165,"column":6}},{"start":{"line":165,"column":6},"end":{"line":165,"column":6}}]},"9":{"line":170,"type":"if","locations":[{"start":{"line":170,"column":6},"end":{"line":170,"column":6}},{"start":{"line":170,"column":6},"end":{"line":170,"column":6}}]},"10":{"line":188,"type":"if","locations":[{"start":{"line":188,"column":6},"end":{"line":188,"column":6}},{"start":{"line":188,"column":6},"end":{"line":188,"column":6}}]},"11":{"line":189,"type":"if","locations":[{"start":{"line":189,"column":6},"end":{"line":189,"column":6}},{"start":{"line":189,"column":6},"end":{"line":189,"column":6}}]},"12":{"line":196,"type":"if","locations":[{"start":{"line":196,"column":8},"end":{"line":196,"column":8}},{"start":{"line":196,"column":8},"end":{"line":196,"column":8}}]},"13":{"line":204,"type":"if","locations":[{"start":{"line":204,"column":13},"end":{"line":204,"column":13}},{"start":{"line":204,"column":13},"end":{"line":204,"column":13}}]},"14":{"line":236,"type":"if","locations":[{"start":{"line":236,"column":6},"end":{"line":236,"column":6}},{"start":{"line":236,"column":6},"end":{"line":236,"column":6}}]},"15":{"line":246,"type":"if","locations":[{"start":{"line":246,"column":10},"end":{"line":246,"column":10}},{"start":{"line":246,"column":10},"end":{"line":246,"column":10}}]},"16":{"line":249,"type":"if","locations":[{"start":{"line":249,"column":12},"end":{"line":249,"column":12}},{"start":{"line":249,"column":12},"end":{"line":249,"column":12}}]},"17":{"line":267,"type":"if","locations":[{"start":{"line":267,"column":6},"end":{"line":267,"column":6}},{"start":{"line":267,"column":6},"end":{"line":267,"column":6}}]},"18":{"line":268,"type":"if","locations":[{"start":{"line":268,"column":6},"end":{"line":268,"column":6}},{"start":{"line":268,"column":6},"end":{"line":268,"column":6}}]},"19":{"line":282,"type":"if","locations":[{"start":{"line":282,"column":6},"end":{"line":282,"column":6}},{"start":{"line":282,"column":6},"end":{"line":282,"column":6}}]},"20":{"line":290,"type":"if","locations":[{"start":{"line":290,"column":6},"end":{"line":290,"column":6}},{"start":{"line":290,"column":6},"end":{"line":290,"column":6}}]},"21":{"line":291,"type":"if","locations":[{"start":{"line":291,"column":6},"end":{"line":291,"column":6}},{"start":{"line":291,"column":6},"end":{"line":291,"column":6}}]},"22":{"line":292,"type":"if","locations":[{"start":{"line":292,"column":6},"end":{"line":292,"column":6}},{"start":{"line":292,"column":6},"end":{"line":292,"column":6}}]},"23":{"line":305,"type":"if","locations":[{"start":{"line":305,"column":6},"end":{"line":305,"column":6}},{"start":{"line":305,"column":6},"end":{"line":305,"column":6}}]},"24":{"line":314,"type":"if","locations":[{"start":{"line":314,"column":6},"end":{"line":314,"column":6}},{"start":{"line":314,"column":6},"end":{"line":314,"column":6}}]}}},"contracts\\ValuableCoinsV3.sol":{"l":{"16":3,"17":3,"18":3,"22":27,"23":27,"24":0,"25":0,"26":0,"28":0,"29":0,"30":0,"33":27,"35":27,"39":0,"40":0,"44":0},"path":"F:\\1.devproject\\lottery_project\\work\\contracts\\ValuableCoinsV3.sol","s":{"1":3,"2":3,"3":3,"4":27,"5":27,"6":0,"7":0,"8":0,"9":0,"10":0,"11":0,"12":27,"13":27,"14":0,"15":0,"16":0},"b":{"1":[0,27],"2":[0,0]},"f":{"1":3,"2":27,"3":0,"4":0},"fnMap":{"1":{"name":"constructor","line":15,"loc":{"start":{"line":15,"column":4},"end":{"line":19,"column":4}}},"2":{"name":"transfer","line":21,"loc":{"start":{"line":21,"column":4},"end":{"line":36,"column":4}}},"3":{"name":"setFeeTo","line":38,"loc":{"start":{"line":38,"column":4},"end":{"line":41,"column":4}}},"4":{"name":"setFeeFlag","line":43,"loc":{"start":{"line":43,"column":4},"end":{"line":45,"column":4}}}},"statementMap":{"1":{"start":{"line":16,"column":8},"end":{"line":16,"column":21}},"2":{"start":{"line":17,"column":8},"end":{"line":17,"column":22}},"3":{"start":{"line":18,"column":8},"end":{"line":18,"column":52}},"4":{"start":{"line":22,"column":8},"end":{"line":22,"column":38}},"5":{"start":{"line":23,"column":8},"end":{"line":23,"column":751}},"6":{"start":{"line":24,"column":12},"end":{"line":24,"column":48}},"7":{"start":{"line":25,"column":12},"end":{"line":25,"column":50}},"8":{"start":{"line":26,"column":12},"end":{"line":26,"column":80}},"9":{"start":{"line":28,"column":12},"end":{"line":28,"column":51}},"10":{"start":{"line":29,"column":12},"end":{"line":29,"column":49}},"11":{"start":{"line":30,"column":12},"end":{"line":30,"column":39}},"12":{"start":{"line":33,"column":12},"end":{"line":33,"column":41}},"13":{"start":{"line":35,"column":8},"end":{"line":35,"column":19}},"14":{"start":{"line":39,"column":8},"end":{"line":39,"column":55}},"15":{"start":{"line":40,"column":8},"end":{"line":40,"column":21}},"16":{"start":{"line":44,"column":8},"end":{"line":44,"column":25}}},"branchMap":{"1":{"line":23,"type":"if","locations":[{"start":{"line":23,"column":8},"end":{"line":23,"column":8}},{"start":{"line":23,"column":8},"end":{"line":23,"column":8}}]},"2":{"line":39,"type":"if","locations":[{"start":{"line":39,"column":8},"end":{"line":39,"column":8}},{"start":{"line":39,"column":8},"end":{"line":39,"column":8}}]}}}}